2025-06-11 00:46:23,864 - ERROR - Error updating data: module 'ttkbootstrap' has no attribute 'Messagebox'
Traceback (most recent call last):
  File "C:\Users\DELL\Desktop\LogManager\system_monitor.py", line 980, in update_data
    self._show_alert(f"High Disk usage: {disk_info.percent:.1f}%")
    ~~~~~~~~~~~~~~~~^^^^^^^^^^^^^^^^^^^^^^^^^^^^^^^^^^^^^^^^^^^^^^
  File "C:\Users\DELL\Desktop\LogManager\system_monitor.py", line 1004, in _show_alert
    tb.Messagebox.show_warning(message=message, title="System Alert", parent=self.root)
    ^^^^^^^^^^^^^
AttributeError: module 'ttkbootstrap' has no attribute 'Messagebox'
2025-06-11 00:46:23,885 - INFO - Application started.
2025-06-11 00:46:25,979 - ERROR - Error updating data: module 'ttkbootstrap' has no attribute 'Messagebox'
Traceback (most recent call last):
  File "C:\Users\DELL\Desktop\LogManager\system_monitor.py", line 980, in update_data
    self._show_alert(f"High Disk usage: {disk_info.percent:.1f}%")
    ~~~~~~~~~~~~~~~~^^^^^^^^^^^^^^^^^^^^^^^^^^^^^^^^^^^^^^^^^^^^^^
  File "C:\Users\DELL\Desktop\LogManager\system_monitor.py", line 1004, in _show_alert
    tb.Messagebox.show_warning(message=message, title="System Alert", parent=self.root)
    ^^^^^^^^^^^^^
AttributeError: module 'ttkbootstrap' has no attribute 'Messagebox'
2025-06-11 00:46:28,108 - ERROR - Error updating data: module 'ttkbootstrap' has no attribute 'Messagebox'
Traceback (most recent call last):
  File "C:\Users\DELL\Desktop\LogManager\system_monitor.py", line 980, in update_data
    self._show_alert(f"High Disk usage: {disk_info.percent:.1f}%")
    ~~~~~~~~~~~~~~~~^^^^^^^^^^^^^^^^^^^^^^^^^^^^^^^^^^^^^^^^^^^^^^
  File "C:\Users\DELL\Desktop\LogManager\system_monitor.py", line 1004, in _show_alert
    tb.Messagebox.show_warning(message=message, title="System Alert", parent=self.root)
    ^^^^^^^^^^^^^
AttributeError: module 'ttkbootstrap' has no attribute 'Messagebox'
2025-06-11 00:46:30,253 - ERROR - Error updating data: module 'ttkbootstrap' has no attribute 'Messagebox'
Traceback (most recent call last):
  File "C:\Users\DELL\Desktop\LogManager\system_monitor.py", line 980, in update_data
    self._show_alert(f"High Disk usage: {disk_info.percent:.1f}%")
    ~~~~~~~~~~~~~~~~^^^^^^^^^^^^^^^^^^^^^^^^^^^^^^^^^^^^^^^^^^^^^^
  File "C:\Users\DELL\Desktop\LogManager\system_monitor.py", line 1004, in _show_alert
    tb.Messagebox.show_warning(message=message, title="System Alert", parent=self.root)
    ^^^^^^^^^^^^^
AttributeError: module 'ttkbootstrap' has no attribute 'Messagebox'
2025-06-11 00:46:31,748 - INFO - Application closed.
